<?xml version="1.0" encoding="UTF-8"?>
<!-- Generated by org.testng.reporters.JUnitXMLReporter -->
<testsuite ignored="1" hostname="Devendra" failures="1" tests="1" name="Test" time="21.563" errors="0" timestamp="2022-10-11T17:08:34 IST">
  <testcase classname="com.mystore.testcases.TC_myAccountPageTestDataDrivenTesting" name="verifyregistrationAndLogin" time="16.567">
    <failure type="org.openqa.selenium.NoSuchElementException" message="Unable to find element with locator By.id: id_gender2
For documentation on this error, please visit: https://selenium.dev/exceptions/#no_such_element
Build info: version: &amp;apos;4.1.3&amp;apos;, revision: &amp;apos;7b1ebf28ef&amp;apos;
System info: host: &amp;apos;DEVENDRA&amp;apos;, ip: &amp;apos;192.168.29.223&amp;apos;, os.name: &amp;apos;Windows 8.1&amp;apos;, os.arch: &amp;apos;amd64&amp;apos;, os.version: &amp;apos;6.3&amp;apos;, java.version: &amp;apos;17.0.2&amp;apos;
Driver info: driver.version: RemoteWebDriver">
      <![CDATA[org.openqa.selenium.NoSuchElementException: Unable to find element with locator By.id: id_gender2
For documentation on this error, please visit: https://selenium.dev/exceptions/#no_such_element
Build info: version: '4.1.3', revision: '7b1ebf28ef'
System info: host: 'DEVENDRA', ip: '192.168.29.223', os.name: 'Windows 8.1', os.arch: 'amd64', os.version: '6.3', java.version: '17.0.2'
Driver info: driver.version: RemoteWebDriver
at org.openqa.selenium.remote.ElementLocation$ElementFinder$2.findElement(ElementLocation.java:165)
at org.openqa.selenium.remote.ElementLocation.findElement(ElementLocation.java:60)
at org.openqa.selenium.remote.RemoteWebDriver.findElement(RemoteWebDriver.java:385)
at org.openqa.selenium.remote.RemoteWebDriver.findElement(RemoteWebDriver.java:377)
at org.openqa.selenium.support.pagefactory.DefaultElementLocator.findElement(DefaultElementLocator.java:70)
at org.openqa.selenium.support.pagefactory.internal.LocatingElementHandler.invoke(LocatingElementHandler.java:39)
at jdk.proxy2/jdk.proxy2.$Proxy33.click(Unknown Source)
at com.mystore.pageobject.accountCreationdetals.selecttitleMrs(accountCreationdetals.java:75)
at com.mystore.testcases.TC_myAccountPageTestDataDrivenTesting.verifyregistrationAndLogin(TC_myAccountPageTestDataDrivenTesting.java:45)
at java.base/java.util.ArrayList.forEach(ArrayList.java:1511)
... Removed 27 stack frames]]>
    </failure>
  </testcase> <!-- verifyregistrationAndLogin -->
  <testcase classname="com.mystore.testcases.TC_myAccountPageTestDataDrivenTesting" name="verifylogin" time="0.0">
    <ignored/>
  </testcase> <!-- verifylogin -->
</testsuite> <!-- Test -->
