<?xml version="1.0" encoding="UTF-8"?>
<!-- Generated by org.testng.reporters.JUnitXMLReporter -->
<testsuite ignored="0" hostname="Devendra" failures="1" tests="1" name="Test" time="0.068" errors="0" timestamp="2022-10-03T08:47:11 IST">
  <testcase classname="com.mystore.testcases.TC_myAccountPageTest" name="verifyregistrationAndLogin" time="0.012">
    <failure type="java.lang.NullPointerException" message="Cannot invoke &amp;quot;org.openqa.selenium.WebDriver.get(String)&amp;quot; because &amp;quot;com.mystore.testcases.TC_myAccountPageTest.driver&amp;quot; is null">
      <![CDATA[java.lang.NullPointerException: Cannot invoke "org.openqa.selenium.WebDriver.get(String)" because "com.mystore.testcases.TC_myAccountPageTest.driver" is null
at com.mystore.testcases.TC_myAccountPageTest.verifyregistrationAndLogin(TC_myAccountPageTest.java:17)
at java.base/java.util.ArrayList.forEach(ArrayList.java:1511)
... Removed 27 stack frames]]>
    </failure>
  </testcase> <!-- verifyregistrationAndLogin -->
</testsuite> <!-- Test -->
