<?xml version="1.0" encoding="UTF-8"?>
<!-- Generated by org.testng.reporters.JUnitXMLReporter -->
<testsuite ignored="1" hostname="Devendra" failures="1" tests="1" name="Default test" time="24.707" errors="0" timestamp="2022-10-07T16:59:01 IST">
  <testcase classname="com.mystore.testcases.TC_myAccountPageTest" name="verifylogin" time="20.201">
    <failure type="java.lang.IllegalArgumentException" message="Parameter &amp;apos;srcDir&amp;apos; is not a directory: &amp;apos;C:\Users\Devendra\AppData\Local\Temp\screenshot11469587982299820126.png&amp;apos;">
      <![CDATA[java.lang.IllegalArgumentException: Parameter 'srcDir' is not a directory: 'C:\Users\Devendra\AppData\Local\Temp\screenshot11469587982299820126.png'
at org.apache.commons.io.FileUtils.requireDirectory(FileUtils.java:2635)
at org.apache.commons.io.FileUtils.copyDirectory(FileUtils.java:682)
at org.apache.commons.io.FileUtils.copyDirectory(FileUtils.java:630)
at org.apache.commons.io.FileUtils.copyDirectory(FileUtils.java:531)
at org.apache.commons.io.FileUtils.copyDirectory(FileUtils.java:502)
at com.mystore.testcases.Baseclass.capturescreenshot(Baseclass.java:86)
at com.mystore.testcases.TC_myAccountPageTest.verifylogin(TC_myAccountPageTest.java:85)
at java.base/jdk.internal.reflect.NativeMethodAccessorImpl.invoke0(Native Method)
at java.base/jdk.internal.reflect.NativeMethodAccessorImpl.invoke(NativeMethodAccessorImpl.java:77)
at java.base/jdk.internal.reflect.DelegatingMethodAccessorImpl.invoke(DelegatingMethodAccessorImpl.java:43)
at java.base/java.lang.reflect.Method.invoke(Method.java:568)
at org.testng.internal.invokers.MethodInvocationHelper.invokeMethod(MethodInvocationHelper.java:135)
at org.testng.internal.invokers.TestInvoker.invokeMethod(TestInvoker.java:673)
at org.testng.internal.invokers.TestInvoker.invokeTestMethod(TestInvoker.java:220)
at org.testng.internal.invokers.MethodRunner.runInSequence(MethodRunner.java:50)
at org.testng.internal.invokers.TestInvoker$MethodInvocationAgent.invoke(TestInvoker.java:945)
at org.testng.internal.invokers.TestInvoker.invokeTestMethods(TestInvoker.java:193)
at org.testng.internal.invokers.TestMethodWorker.invokeTestMethods(TestMethodWorker.java:146)
at org.testng.internal.invokers.TestMethodWorker.run(TestMethodWorker.java:128)
at java.base/java.util.ArrayList.forEach(ArrayList.java:1511)
at org.testng.TestRunner.privateRun(TestRunner.java:808)
at org.testng.TestRunner.run(TestRunner.java:603)
at org.testng.SuiteRunner.runTest(SuiteRunner.java:429)
at org.testng.SuiteRunner.runSequentially(SuiteRunner.java:423)
at org.testng.SuiteRunner.privateRun(SuiteRunner.java:383)
at org.testng.SuiteRunner.run(SuiteRunner.java:326)
at org.testng.SuiteRunnerWorker.runSuite(SuiteRunnerWorker.java:52)
at org.testng.SuiteRunnerWorker.run(SuiteRunnerWorker.java:95)
at org.testng.TestNG.runSuitesSequentially(TestNG.java:1249)
at org.testng.TestNG.runSuitesLocally(TestNG.java:1169)
at org.testng.TestNG.runSuites(TestNG.java:1092)
at org.testng.TestNG.run(TestNG.java:1060)
at org.testng.remote.AbstractRemoteTestNG.run(AbstractRemoteTestNG.java:115)
at org.testng.remote.RemoteTestNG.initAndRun(RemoteTestNG.java:251)
at org.testng.remote.RemoteTestNG.main(RemoteTestNG.java:77)
]]>
    </failure>
  </testcase> <!-- verifylogin -->
  <testcase classname="com.mystore.testcases.TC_myAccountPageTest" name="verifyregistrationAndLogin" time="0.0">
    <ignored/>
  </testcase> <!-- verifyregistrationAndLogin -->
</testsuite> <!-- Default test -->
